<?xml version="1.0" encoding="UTF-8"?>
<testng-results ignored="0" total="9" passed="1" failed="8" skipped="0">
  <reporter-output>
    <line>
      <![CDATA[save button Clicked]]>
    </line>
  </reporter-output>
  <suite started-at="2024-11-15T16:41:09 IST" name="Default suite" finished-at="2024-11-15T16:53:51 IST" duration-ms="762246">
    <groups>
    </groups>
    <test started-at="2024-11-15T16:41:09 IST" name="Default test" finished-at="2024-11-15T16:53:51 IST" duration-ms="762246">
      <class name="testCases.JobListTest">
        <test-method is-config="true" signature="setUp()[pri:0, instance:testCases.JobListTest@1139b2f3]" started-at="2024-11-15T16:41:09 IST" name="setUp" finished-at="2024-11-15T16:42:00 IST" duration-ms="50496" status="PASS">
          <reporter-output>
          </reporter-output>
        </test-method> <!-- setUp -->
        <test-method is-config="true" signature="beforeMethod(java.lang.reflect.Method)[pri:0, instance:testCases.JobListTest@1139b2f3]" started-at="2024-11-15T16:42:00 IST" name="beforeMethod" finished-at="2024-11-15T16:42:01 IST" duration-ms="844" status="PASS">
          <params>
            <param index="0">
              <value>
                <![CDATA[public void testCases.JobListTest.validationCheck()]]>
              </value>
            </param>
          </params>
          <reporter-output>
          </reporter-output>
        </test-method> <!-- beforeMethod -->
        <test-method signature="validationCheck()[pri:1, instance:testCases.JobListTest@1139b2f3]" started-at="2024-11-15T16:42:01 IST" name="validationCheck" finished-at="2024-11-15T16:43:14 IST" duration-ms="72790" status="PASS">
          <reporter-output>
            <line>
              <![CDATA[save button Clicked]]>
            </line>
          </reporter-output>
        </test-method> <!-- validationCheck -->
        <test-method is-config="true" signature="reportWrapUp(org.testng.ITestResult,java.lang.reflect.Method)[pri:0, instance:testCases.JobListTest@1139b2f3]" started-at="2024-11-15T16:43:14 IST" name="reportWrapUp" finished-at="2024-11-15T16:43:14 IST" duration-ms="8" status="PASS">
          <params>
            <param index="0">
              <value>
                <![CDATA[[TestResult name=validationCheck status=SUCCESS method=JobListTest.validationCheck()[pri:1, instance:testCases.JobListTest@1139b2f3] output=save button Clicked]]]>
              </value>
            </param>
            <param index="1">
              <value>
                <![CDATA[public void testCases.JobListTest.validationCheck()]]>
              </value>
            </param>
          </params>
          <reporter-output>
          </reporter-output>
        </test-method> <!-- reportWrapUp -->
        <test-method is-config="true" signature="beforeMethod(java.lang.reflect.Method)[pri:0, instance:testCases.JobListTest@1139b2f3]" started-at="2024-11-15T16:43:14 IST" name="beforeMethod" finished-at="2024-11-15T16:43:14 IST" duration-ms="2" status="PASS">
          <params>
            <param index="0">
              <value>
                <![CDATA[public void testCases.JobListTest.addJobList()]]>
              </value>
            </param>
          </params>
          <reporter-output>
          </reporter-output>
        </test-method> <!-- beforeMethod -->
        <test-method signature="addJobList()[pri:2, instance:testCases.JobListTest@1139b2f3]" started-at="2024-11-15T16:43:14 IST" name="addJobList" finished-at="2024-11-15T16:44:18 IST" duration-ms="64657" status="FAIL">
          <exception class="java.lang.AssertionError">
            <message>
              <![CDATA[Full Menu -  element not clickable]]>
            </message>
            <full-stacktrace>
              <![CDATA[java.lang.AssertionError: Full Menu -  element not clickable
at org.testng.Assert.fail(Assert.java:99)
at utils.WebBasePage.click(WebBasePage.java:119)
at pageObjects.JobListPage.clickFullMenuDropDown(JobListPage.java:53)
at action.JobListAction.goToHiringTab(JobListAction.java:19)
at testCases.JobListTest.addJobList(JobListTest.java:29)
at java.base/jdk.internal.reflect.NativeMethodAccessorImpl.invoke0(Native Method)
at java.base/jdk.internal.reflect.NativeMethodAccessorImpl.invoke(NativeMethodAccessorImpl.java:77)
at java.base/jdk.internal.reflect.DelegatingMethodAccessorImpl.invoke(DelegatingMethodAccessorImpl.java:43)
at java.base/java.lang.reflect.Method.invoke(Method.java:568)
at org.testng.internal.MethodInvocationHelper.invokeMethod(MethodInvocationHelper.java:133)
at org.testng.internal.TestInvoker.invokeMethod(TestInvoker.java:598)
at org.testng.internal.TestInvoker.invokeTestMethod(TestInvoker.java:173)
at org.testng.internal.MethodRunner.runInSequence(MethodRunner.java:46)
at org.testng.internal.TestInvoker$MethodInvocationAgent.invoke(TestInvoker.java:824)
at org.testng.internal.TestInvoker.invokeTestMethods(TestInvoker.java:146)
at org.testng.internal.TestMethodWorker.invokeTestMethods(TestMethodWorker.java:146)
at org.testng.internal.TestMethodWorker.run(TestMethodWorker.java:128)
at java.base/java.util.ArrayList.forEach(ArrayList.java:1511)
at org.testng.TestRunner.privateRun(TestRunner.java:794)
at org.testng.TestRunner.run(TestRunner.java:596)
at org.testng.SuiteRunner.runTest(SuiteRunner.java:377)
at org.testng.SuiteRunner.runSequentially(SuiteRunner.java:371)
at org.testng.SuiteRunner.privateRun(SuiteRunner.java:332)
at org.testng.SuiteRunner.run(SuiteRunner.java:276)
at org.testng.SuiteRunnerWorker.runSuite(SuiteRunnerWorker.java:53)
at org.testng.SuiteRunnerWorker.run(SuiteRunnerWorker.java:96)
at org.testng.TestNG.runSuitesSequentially(TestNG.java:1212)
at org.testng.TestNG.runSuitesLocally(TestNG.java:1134)
at org.testng.TestNG.runSuites(TestNG.java:1063)
at org.testng.TestNG.run(TestNG.java:1031)
at org.testng.remote.AbstractRemoteTestNG.run(AbstractRemoteTestNG.java:115)
at org.testng.remote.RemoteTestNG.initAndRun(RemoteTestNG.java:251)
at org.testng.remote.RemoteTestNG.main(RemoteTestNG.java:77)
]]>
            </full-stacktrace>
          </exception> <!-- java.lang.AssertionError -->
          <reporter-output>
          </reporter-output>
        </test-method> <!-- addJobList -->
        <test-method is-config="true" signature="reportWrapUp(org.testng.ITestResult,java.lang.reflect.Method)[pri:0, instance:testCases.JobListTest@1139b2f3]" started-at="2024-11-15T16:44:18 IST" name="reportWrapUp" finished-at="2024-11-15T16:44:19 IST" duration-ms="815" status="PASS">
          <params>
            <param index="0">
              <value>
                <![CDATA[[TestResult name=addJobList status=FAILURE method=JobListTest.addJobList()[pri:2, instance:testCases.JobListTest@1139b2f3] output={null}]]]>
              </value>
            </param>
            <param index="1">
              <value>
                <![CDATA[public void testCases.JobListTest.addJobList()]]>
              </value>
            </param>
          </params>
          <reporter-output>
          </reporter-output>
        </test-method> <!-- reportWrapUp -->
        <test-method is-config="true" signature="beforeMethod(java.lang.reflect.Method)[pri:0, instance:testCases.JobListTest@1139b2f3]" started-at="2024-11-15T16:44:19 IST" name="beforeMethod" finished-at="2024-11-15T16:44:19 IST" duration-ms="2" status="PASS">
          <params>
            <param index="0">
              <value>
                <![CDATA[public void testCases.JobListTest.ValidateJobOnListingPage()]]>
              </value>
            </param>
          </params>
          <reporter-output>
          </reporter-output>
        </test-method> <!-- beforeMethod -->
        <test-method signature="ValidateJobOnListingPage()[pri:3, instance:testCases.JobListTest@1139b2f3]" started-at="2024-11-15T16:44:19 IST" name="ValidateJobOnListingPage" finished-at="2024-11-15T16:45:55 IST" duration-ms="95491" status="FAIL">
          <exception class="java.lang.AssertionError">
            <message>
              <![CDATA[Job List -  element not present]]>
            </message>
            <full-stacktrace>
              <![CDATA[java.lang.AssertionError: Job List -  element not present
at org.testng.Assert.fail(Assert.java:99)
at utils.WebBasePage.click(WebBasePage.java:126)
at pageObjects.JobListPage.clickOnJobList(JobListPage.java:80)
at action.JobListAction.goToHiringTab(JobListAction.java:21)
at testCases.JobListTest.ValidateJobOnListingPage(JobListTest.java:38)
at java.base/jdk.internal.reflect.NativeMethodAccessorImpl.invoke0(Native Method)
at java.base/jdk.internal.reflect.NativeMethodAccessorImpl.invoke(NativeMethodAccessorImpl.java:77)
at java.base/jdk.internal.reflect.DelegatingMethodAccessorImpl.invoke(DelegatingMethodAccessorImpl.java:43)
at java.base/java.lang.reflect.Method.invoke(Method.java:568)
at org.testng.internal.MethodInvocationHelper.invokeMethod(MethodInvocationHelper.java:133)
at org.testng.internal.TestInvoker.invokeMethod(TestInvoker.java:598)
at org.testng.internal.TestInvoker.invokeTestMethod(TestInvoker.java:173)
at org.testng.internal.MethodRunner.runInSequence(MethodRunner.java:46)
at org.testng.internal.TestInvoker$MethodInvocationAgent.invoke(TestInvoker.java:824)
at org.testng.internal.TestInvoker.invokeTestMethods(TestInvoker.java:146)
at org.testng.internal.TestMethodWorker.invokeTestMethods(TestMethodWorker.java:146)
at org.testng.internal.TestMethodWorker.run(TestMethodWorker.java:128)
at java.base/java.util.ArrayList.forEach(ArrayList.java:1511)
at org.testng.TestRunner.privateRun(TestRunner.java:794)
at org.testng.TestRunner.run(TestRunner.java:596)
at org.testng.SuiteRunner.runTest(SuiteRunner.java:377)
at org.testng.SuiteRunner.runSequentially(SuiteRunner.java:371)
at org.testng.SuiteRunner.privateRun(SuiteRunner.java:332)
at org.testng.SuiteRunner.run(SuiteRunner.java:276)
at org.testng.SuiteRunnerWorker.runSuite(SuiteRunnerWorker.java:53)
at org.testng.SuiteRunnerWorker.run(SuiteRunnerWorker.java:96)
at org.testng.TestNG.runSuitesSequentially(TestNG.java:1212)
at org.testng.TestNG.runSuitesLocally(TestNG.java:1134)
at org.testng.TestNG.runSuites(TestNG.java:1063)
at org.testng.TestNG.run(TestNG.java:1031)
at org.testng.remote.AbstractRemoteTestNG.run(AbstractRemoteTestNG.java:115)
at org.testng.remote.RemoteTestNG.initAndRun(RemoteTestNG.java:251)
at org.testng.remote.RemoteTestNG.main(RemoteTestNG.java:77)
]]>
            </full-stacktrace>
          </exception> <!-- java.lang.AssertionError -->
          <reporter-output>
          </reporter-output>
        </test-method> <!-- ValidateJobOnListingPage -->
        <test-method is-config="true" signature="reportWrapUp(org.testng.ITestResult,java.lang.reflect.Method)[pri:0, instance:testCases.JobListTest@1139b2f3]" started-at="2024-11-15T16:45:55 IST" name="reportWrapUp" finished-at="2024-11-15T16:45:55 IST" duration-ms="282" status="PASS">
          <params>
            <param index="0">
              <value>
                <![CDATA[[TestResult name=ValidateJobOnListingPage status=FAILURE method=JobListTest.ValidateJobOnListingPage()[pri:3, instance:testCases.JobListTest@1139b2f3] output={null}]]]>
              </value>
            </param>
            <param index="1">
              <value>
                <![CDATA[public void testCases.JobListTest.ValidateJobOnListingPage()]]>
              </value>
            </param>
          </params>
          <reporter-output>
          </reporter-output>
        </test-method> <!-- reportWrapUp -->
        <test-method signature="ValidateUpDateFunctionalityOfJob()[pri:4, instance:testCases.JobListTest@1139b2f3]" started-at="2024-11-15T16:45:55 IST" name="ValidateUpDateFunctionalityOfJob" finished-at="2024-11-15T16:47:11 IST" duration-ms="76387" status="FAIL">
          <exception class="java.lang.AssertionError">
            <message>
              <![CDATA[java.lang.IllegalArgumentException: Keys to send should be a not null CharSequence]]>
            </message>
            <full-stacktrace>
              <![CDATA[java.lang.AssertionError: java.lang.IllegalArgumentException: Keys to send should be a not null CharSequence
at org.testng.Assert.fail(Assert.java:99)
at utils.WebBasePage.enter(WebBasePage.java:81)
at pageObjects.JobListPage.enterJobTitleIntoSearchField(JobListPage.java:330)
at action.JobListAction.verifyJobUpDateFunctionality(JobListAction.java:83)
at testCases.JobListTest.ValidateUpDateFunctionalityOfJob(JobListTest.java:48)
at java.base/jdk.internal.reflect.NativeMethodAccessorImpl.invoke0(Native Method)
at java.base/jdk.internal.reflect.NativeMethodAccessorImpl.invoke(NativeMethodAccessorImpl.java:77)
at java.base/jdk.internal.reflect.DelegatingMethodAccessorImpl.invoke(DelegatingMethodAccessorImpl.java:43)
at java.base/java.lang.reflect.Method.invoke(Method.java:568)
at org.testng.internal.MethodInvocationHelper.invokeMethod(MethodInvocationHelper.java:133)
at org.testng.internal.TestInvoker.invokeMethod(TestInvoker.java:598)
at org.testng.internal.TestInvoker.invokeTestMethod(TestInvoker.java:173)
at org.testng.internal.MethodRunner.runInSequence(MethodRunner.java:46)
at org.testng.internal.TestInvoker$MethodInvocationAgent.invoke(TestInvoker.java:824)
at org.testng.internal.TestInvoker.invokeTestMethods(TestInvoker.java:146)
at org.testng.internal.TestMethodWorker.invokeTestMethods(TestMethodWorker.java:146)
at org.testng.internal.TestMethodWorker.run(TestMethodWorker.java:128)
at java.base/java.util.ArrayList.forEach(ArrayList.java:1511)
at org.testng.TestRunner.privateRun(TestRunner.java:794)
at org.testng.TestRunner.run(TestRunner.java:596)
at org.testng.SuiteRunner.runTest(SuiteRunner.java:377)
at org.testng.SuiteRunner.runSequentially(SuiteRunner.java:371)
at org.testng.SuiteRunner.privateRun(SuiteRunner.java:332)
at org.testng.SuiteRunner.run(SuiteRunner.java:276)
at org.testng.SuiteRunnerWorker.runSuite(SuiteRunnerWorker.java:53)
at org.testng.SuiteRunnerWorker.run(SuiteRunnerWorker.java:96)
at org.testng.TestNG.runSuitesSequentially(TestNG.java:1212)
at org.testng.TestNG.runSuitesLocally(TestNG.java:1134)
at org.testng.TestNG.runSuites(TestNG.java:1063)
at org.testng.TestNG.run(TestNG.java:1031)
at org.testng.remote.AbstractRemoteTestNG.run(AbstractRemoteTestNG.java:115)
at org.testng.remote.RemoteTestNG.initAndRun(RemoteTestNG.java:251)
at org.testng.remote.RemoteTestNG.main(RemoteTestNG.java:77)
]]>
            </full-stacktrace>
          </exception> <!-- java.lang.AssertionError -->
          <reporter-output>
          </reporter-output>
        </test-method> <!-- ValidateUpDateFunctionalityOfJob -->
        <test-method is-config="true" signature="beforeMethod(java.lang.reflect.Method)[pri:0, instance:testCases.JobListTest@1139b2f3]" started-at="2024-11-15T16:45:55 IST" name="beforeMethod" finished-at="2024-11-15T16:45:55 IST" duration-ms="0" status="PASS">
          <params>
            <param index="0">
              <value>
                <![CDATA[public void testCases.JobListTest.ValidateUpDateFunctionalityOfJob()]]>
              </value>
            </param>
          </params>
          <reporter-output>
          </reporter-output>
        </test-method> <!-- beforeMethod -->
        <test-method is-config="true" signature="reportWrapUp(org.testng.ITestResult,java.lang.reflect.Method)[pri:0, instance:testCases.JobListTest@1139b2f3]" started-at="2024-11-15T16:47:11 IST" name="reportWrapUp" finished-at="2024-11-15T16:47:12 IST" duration-ms="692" status="PASS">
          <params>
            <param index="0">
              <value>
                <![CDATA[[TestResult name=ValidateUpDateFunctionalityOfJob status=FAILURE method=JobListTest.ValidateUpDateFunctionalityOfJob()[pri:4, instance:testCases.JobListTest@1139b2f3] output={null}]]]>
              </value>
            </param>
            <param index="1">
              <value>
                <![CDATA[public void testCases.JobListTest.ValidateUpDateFunctionalityOfJob()]]>
              </value>
            </param>
          </params>
          <reporter-output>
          </reporter-output>
        </test-method> <!-- reportWrapUp -->
        <test-method is-config="true" signature="beforeMethod(java.lang.reflect.Method)[pri:0, instance:testCases.JobListTest@1139b2f3]" started-at="2024-11-15T16:47:12 IST" name="beforeMethod" finished-at="2024-11-15T16:47:12 IST" duration-ms="1" status="PASS">
          <params>
            <param index="0">
              <value>
                <![CDATA[public void testCases.JobListTest.ValidateCloneFunctionalityOfJob()]]>
              </value>
            </param>
          </params>
          <reporter-output>
          </reporter-output>
        </test-method> <!-- beforeMethod -->
        <test-method signature="ValidateCloneFunctionalityOfJob()[pri:5, instance:testCases.JobListTest@1139b2f3]" started-at="2024-11-15T16:47:12 IST" name="ValidateCloneFunctionalityOfJob" finished-at="2024-11-15T16:48:40 IST" duration-ms="87827" status="FAIL">
          <exception class="java.lang.AssertionError">
            <message>
              <![CDATA[java.lang.IllegalArgumentException: Keys to send should be a not null CharSequence]]>
            </message>
            <full-stacktrace>
              <![CDATA[java.lang.AssertionError: java.lang.IllegalArgumentException: Keys to send should be a not null CharSequence
at org.testng.Assert.fail(Assert.java:99)
at utils.WebBasePage.enter(WebBasePage.java:81)
at pageObjects.JobListPage.enterJobTitleIntoSearchField(JobListPage.java:330)
at action.JobListAction.verifyCloneFunctionality(JobListAction.java:96)
at testCases.JobListTest.ValidateCloneFunctionalityOfJob(JobListTest.java:57)
at java.base/jdk.internal.reflect.NativeMethodAccessorImpl.invoke0(Native Method)
at java.base/jdk.internal.reflect.NativeMethodAccessorImpl.invoke(NativeMethodAccessorImpl.java:77)
at java.base/jdk.internal.reflect.DelegatingMethodAccessorImpl.invoke(DelegatingMethodAccessorImpl.java:43)
at java.base/java.lang.reflect.Method.invoke(Method.java:568)
at org.testng.internal.MethodInvocationHelper.invokeMethod(MethodInvocationHelper.java:133)
at org.testng.internal.TestInvoker.invokeMethod(TestInvoker.java:598)
at org.testng.internal.TestInvoker.invokeTestMethod(TestInvoker.java:173)
at org.testng.internal.MethodRunner.runInSequence(MethodRunner.java:46)
at org.testng.internal.TestInvoker$MethodInvocationAgent.invoke(TestInvoker.java:824)
at org.testng.internal.TestInvoker.invokeTestMethods(TestInvoker.java:146)
at org.testng.internal.TestMethodWorker.invokeTestMethods(TestMethodWorker.java:146)
at org.testng.internal.TestMethodWorker.run(TestMethodWorker.java:128)
at java.base/java.util.ArrayList.forEach(ArrayList.java:1511)
at org.testng.TestRunner.privateRun(TestRunner.java:794)
at org.testng.TestRunner.run(TestRunner.java:596)
at org.testng.SuiteRunner.runTest(SuiteRunner.java:377)
at org.testng.SuiteRunner.runSequentially(SuiteRunner.java:371)
at org.testng.SuiteRunner.privateRun(SuiteRunner.java:332)
at org.testng.SuiteRunner.run(SuiteRunner.java:276)
at org.testng.SuiteRunnerWorker.runSuite(SuiteRunnerWorker.java:53)
at org.testng.SuiteRunnerWorker.run(SuiteRunnerWorker.java:96)
at org.testng.TestNG.runSuitesSequentially(TestNG.java:1212)
at org.testng.TestNG.runSuitesLocally(TestNG.java:1134)
at org.testng.TestNG.runSuites(TestNG.java:1063)
at org.testng.TestNG.run(TestNG.java:1031)
at org.testng.remote.AbstractRemoteTestNG.run(AbstractRemoteTestNG.java:115)
at org.testng.remote.RemoteTestNG.initAndRun(RemoteTestNG.java:251)
at org.testng.remote.RemoteTestNG.main(RemoteTestNG.java:77)
]]>
            </full-stacktrace>
          </exception> <!-- java.lang.AssertionError -->
          <reporter-output>
          </reporter-output>
        </test-method> <!-- ValidateCloneFunctionalityOfJob -->
        <test-method is-config="true" signature="reportWrapUp(org.testng.ITestResult,java.lang.reflect.Method)[pri:0, instance:testCases.JobListTest@1139b2f3]" started-at="2024-11-15T16:48:40 IST" name="reportWrapUp" finished-at="2024-11-15T16:48:41 IST" duration-ms="980" status="PASS">
          <params>
            <param index="0">
              <value>
                <![CDATA[[TestResult name=ValidateCloneFunctionalityOfJob status=FAILURE method=JobListTest.ValidateCloneFunctionalityOfJob()[pri:5, instance:testCases.JobListTest@1139b2f3] output={null}]]]>
              </value>
            </param>
            <param index="1">
              <value>
                <![CDATA[public void testCases.JobListTest.ValidateCloneFunctionalityOfJob()]]>
              </value>
            </param>
          </params>
          <reporter-output>
          </reporter-output>
        </test-method> <!-- reportWrapUp -->
        <test-method is-config="true" signature="beforeMethod(java.lang.reflect.Method)[pri:0, instance:testCases.JobListTest@1139b2f3]" started-at="2024-11-15T16:48:41 IST" name="beforeMethod" finished-at="2024-11-15T16:48:41 IST" duration-ms="5" status="PASS">
          <params>
            <param index="0">
              <value>
                <![CDATA[public void testCases.JobListTest.ValidateAddNewCandidateFunctionalityOfJob()]]>
              </value>
            </param>
          </params>
          <reporter-output>
          </reporter-output>
        </test-method> <!-- beforeMethod -->
        <test-method signature="ValidateAddNewCandidateFunctionalityOfJob()[pri:6, instance:testCases.JobListTest@1139b2f3]" started-at="2024-11-15T16:48:41 IST" name="ValidateAddNewCandidateFunctionalityOfJob" finished-at="2024-11-15T16:50:00 IST" duration-ms="78712" status="FAIL">
          <exception class="java.lang.AssertionError">
            <message>
              <![CDATA[java.lang.IllegalArgumentException: Keys to send should be a not null CharSequence]]>
            </message>
            <full-stacktrace>
              <![CDATA[java.lang.AssertionError: java.lang.IllegalArgumentException: Keys to send should be a not null CharSequence
at org.testng.Assert.fail(Assert.java:99)
at utils.WebBasePage.enter(WebBasePage.java:81)
at pageObjects.JobListPage.enterJobTitleIntoSearchField(JobListPage.java:330)
at action.JobListAction.verifyAddNewCandidateFunctionality(JobListAction.java:109)
at testCases.JobListTest.ValidateAddNewCandidateFunctionalityOfJob(JobListTest.java:66)
at java.base/jdk.internal.reflect.NativeMethodAccessorImpl.invoke0(Native Method)
at java.base/jdk.internal.reflect.NativeMethodAccessorImpl.invoke(NativeMethodAccessorImpl.java:77)
at java.base/jdk.internal.reflect.DelegatingMethodAccessorImpl.invoke(DelegatingMethodAccessorImpl.java:43)
at java.base/java.lang.reflect.Method.invoke(Method.java:568)
at org.testng.internal.MethodInvocationHelper.invokeMethod(MethodInvocationHelper.java:133)
at org.testng.internal.TestInvoker.invokeMethod(TestInvoker.java:598)
at org.testng.internal.TestInvoker.invokeTestMethod(TestInvoker.java:173)
at org.testng.internal.MethodRunner.runInSequence(MethodRunner.java:46)
at org.testng.internal.TestInvoker$MethodInvocationAgent.invoke(TestInvoker.java:824)
at org.testng.internal.TestInvoker.invokeTestMethods(TestInvoker.java:146)
at org.testng.internal.TestMethodWorker.invokeTestMethods(TestMethodWorker.java:146)
at org.testng.internal.TestMethodWorker.run(TestMethodWorker.java:128)
at java.base/java.util.ArrayList.forEach(ArrayList.java:1511)
at org.testng.TestRunner.privateRun(TestRunner.java:794)
at org.testng.TestRunner.run(TestRunner.java:596)
at org.testng.SuiteRunner.runTest(SuiteRunner.java:377)
at org.testng.SuiteRunner.runSequentially(SuiteRunner.java:371)
at org.testng.SuiteRunner.privateRun(SuiteRunner.java:332)
at org.testng.SuiteRunner.run(SuiteRunner.java:276)
at org.testng.SuiteRunnerWorker.runSuite(SuiteRunnerWorker.java:53)
at org.testng.SuiteRunnerWorker.run(SuiteRunnerWorker.java:96)
at org.testng.TestNG.runSuitesSequentially(TestNG.java:1212)
at org.testng.TestNG.runSuitesLocally(TestNG.java:1134)
at org.testng.TestNG.runSuites(TestNG.java:1063)
at org.testng.TestNG.run(TestNG.java:1031)
at org.testng.remote.AbstractRemoteTestNG.run(AbstractRemoteTestNG.java:115)
at org.testng.remote.RemoteTestNG.initAndRun(RemoteTestNG.java:251)
at org.testng.remote.RemoteTestNG.main(RemoteTestNG.java:77)
]]>
            </full-stacktrace>
          </exception> <!-- java.lang.AssertionError -->
          <reporter-output>
          </reporter-output>
        </test-method> <!-- ValidateAddNewCandidateFunctionalityOfJob -->
        <test-method is-config="true" signature="reportWrapUp(org.testng.ITestResult,java.lang.reflect.Method)[pri:0, instance:testCases.JobListTest@1139b2f3]" started-at="2024-11-15T16:50:00 IST" name="reportWrapUp" finished-at="2024-11-15T16:50:00 IST" duration-ms="775" status="PASS">
          <params>
            <param index="0">
              <value>
                <![CDATA[[TestResult name=ValidateAddNewCandidateFunctionalityOfJob status=FAILURE method=JobListTest.ValidateAddNewCandidateFunctionalityOfJob()[pri:6, instance:testCases.JobListTest@1139b2f3] output={null}]]]>
              </value>
            </param>
            <param index="1">
              <value>
                <![CDATA[public void testCases.JobListTest.ValidateAddNewCandidateFunctionalityOfJob()]]>
              </value>
            </param>
          </params>
          <reporter-output>
          </reporter-output>
        </test-method> <!-- reportWrapUp -->
        <test-method is-config="true" signature="beforeMethod(java.lang.reflect.Method)[pri:0, instance:testCases.JobListTest@1139b2f3]" started-at="2024-11-15T16:50:00 IST" name="beforeMethod" finished-at="2024-11-15T16:50:00 IST" duration-ms="1" status="PASS">
          <params>
            <param index="0">
              <value>
                <![CDATA[public void testCases.JobListTest.ValidateEditFunctionalityOfView()]]>
              </value>
            </param>
          </params>
          <reporter-output>
          </reporter-output>
        </test-method> <!-- beforeMethod -->
        <test-method signature="ValidateEditFunctionalityOfView()[pri:7, instance:testCases.JobListTest@1139b2f3]" started-at="2024-11-15T16:50:00 IST" name="ValidateEditFunctionalityOfView" finished-at="2024-11-15T16:51:17 IST" duration-ms="76164" status="FAIL">
          <exception class="java.lang.AssertionError">
            <message>
              <![CDATA[java.lang.IllegalArgumentException: Keys to send should be a not null CharSequence]]>
            </message>
            <full-stacktrace>
              <![CDATA[java.lang.AssertionError: java.lang.IllegalArgumentException: Keys to send should be a not null CharSequence
at org.testng.Assert.fail(Assert.java:99)
at utils.WebBasePage.enter(WebBasePage.java:81)
at pageObjects.JobListPage.enterJobTitleIntoSearchField(JobListPage.java:330)
at action.JobListAction.verifyJobUpDateFunctionalityOfView(JobListAction.java:126)
at testCases.JobListTest.ValidateEditFunctionalityOfView(JobListTest.java:75)
at java.base/jdk.internal.reflect.NativeMethodAccessorImpl.invoke0(Native Method)
at java.base/jdk.internal.reflect.NativeMethodAccessorImpl.invoke(NativeMethodAccessorImpl.java:77)
at java.base/jdk.internal.reflect.DelegatingMethodAccessorImpl.invoke(DelegatingMethodAccessorImpl.java:43)
at java.base/java.lang.reflect.Method.invoke(Method.java:568)
at org.testng.internal.MethodInvocationHelper.invokeMethod(MethodInvocationHelper.java:133)
at org.testng.internal.TestInvoker.invokeMethod(TestInvoker.java:598)
at org.testng.internal.TestInvoker.invokeTestMethod(TestInvoker.java:173)
at org.testng.internal.MethodRunner.runInSequence(MethodRunner.java:46)
at org.testng.internal.TestInvoker$MethodInvocationAgent.invoke(TestInvoker.java:824)
at org.testng.internal.TestInvoker.invokeTestMethods(TestInvoker.java:146)
at org.testng.internal.TestMethodWorker.invokeTestMethods(TestMethodWorker.java:146)
at org.testng.internal.TestMethodWorker.run(TestMethodWorker.java:128)
at java.base/java.util.ArrayList.forEach(ArrayList.java:1511)
at org.testng.TestRunner.privateRun(TestRunner.java:794)
at org.testng.TestRunner.run(TestRunner.java:596)
at org.testng.SuiteRunner.runTest(SuiteRunner.java:377)
at org.testng.SuiteRunner.runSequentially(SuiteRunner.java:371)
at org.testng.SuiteRunner.privateRun(SuiteRunner.java:332)
at org.testng.SuiteRunner.run(SuiteRunner.java:276)
at org.testng.SuiteRunnerWorker.runSuite(SuiteRunnerWorker.java:53)
at org.testng.SuiteRunnerWorker.run(SuiteRunnerWorker.java:96)
at org.testng.TestNG.runSuitesSequentially(TestNG.java:1212)
at org.testng.TestNG.runSuitesLocally(TestNG.java:1134)
at org.testng.TestNG.runSuites(TestNG.java:1063)
at org.testng.TestNG.run(TestNG.java:1031)
at org.testng.remote.AbstractRemoteTestNG.run(AbstractRemoteTestNG.java:115)
at org.testng.remote.RemoteTestNG.initAndRun(RemoteTestNG.java:251)
at org.testng.remote.RemoteTestNG.main(RemoteTestNG.java:77)
]]>
            </full-stacktrace>
          </exception> <!-- java.lang.AssertionError -->
          <reporter-output>
          </reporter-output>
        </test-method> <!-- ValidateEditFunctionalityOfView -->
        <test-method is-config="true" signature="reportWrapUp(org.testng.ITestResult,java.lang.reflect.Method)[pri:0, instance:testCases.JobListTest@1139b2f3]" started-at="2024-11-15T16:51:17 IST" name="reportWrapUp" finished-at="2024-11-15T16:51:17 IST" duration-ms="596" status="PASS">
          <params>
            <param index="0">
              <value>
                <![CDATA[[TestResult name=ValidateEditFunctionalityOfView status=FAILURE method=JobListTest.ValidateEditFunctionalityOfView()[pri:7, instance:testCases.JobListTest@1139b2f3] output={null}]]]>
              </value>
            </param>
            <param index="1">
              <value>
                <![CDATA[public void testCases.JobListTest.ValidateEditFunctionalityOfView()]]>
              </value>
            </param>
          </params>
          <reporter-output>
          </reporter-output>
        </test-method> <!-- reportWrapUp -->
        <test-method is-config="true" signature="beforeMethod(java.lang.reflect.Method)[pri:0, instance:testCases.JobListTest@1139b2f3]" started-at="2024-11-15T16:51:17 IST" name="beforeMethod" finished-at="2024-11-15T16:51:17 IST" duration-ms="1" status="PASS">
          <params>
            <param index="0">
              <value>
                <![CDATA[public void testCases.JobListTest.ValidateAddNewCandidateFunctionalityOfView()]]>
              </value>
            </param>
          </params>
          <reporter-output>
          </reporter-output>
        </test-method> <!-- beforeMethod -->
        <test-method signature="ValidateAddNewCandidateFunctionalityOfView()[pri:8, instance:testCases.JobListTest@1139b2f3]" started-at="2024-11-15T16:51:17 IST" name="ValidateAddNewCandidateFunctionalityOfView" finished-at="2024-11-15T16:52:32 IST" duration-ms="75329" status="FAIL">
          <exception class="java.lang.AssertionError">
            <message>
              <![CDATA[java.lang.IllegalArgumentException: Keys to send should be a not null CharSequence]]>
            </message>
            <full-stacktrace>
              <![CDATA[java.lang.AssertionError: java.lang.IllegalArgumentException: Keys to send should be a not null CharSequence
at org.testng.Assert.fail(Assert.java:99)
at utils.WebBasePage.enter(WebBasePage.java:81)
at pageObjects.JobListPage.enterJobTitleIntoSearchField(JobListPage.java:330)
at action.JobListAction.verifyAddAsCandidateFunctionalityOfView(JobListAction.java:140)
at testCases.JobListTest.ValidateAddNewCandidateFunctionalityOfView(JobListTest.java:84)
at java.base/jdk.internal.reflect.NativeMethodAccessorImpl.invoke0(Native Method)
at java.base/jdk.internal.reflect.NativeMethodAccessorImpl.invoke(NativeMethodAccessorImpl.java:77)
at java.base/jdk.internal.reflect.DelegatingMethodAccessorImpl.invoke(DelegatingMethodAccessorImpl.java:43)
at java.base/java.lang.reflect.Method.invoke(Method.java:568)
at org.testng.internal.MethodInvocationHelper.invokeMethod(MethodInvocationHelper.java:133)
at org.testng.internal.TestInvoker.invokeMethod(TestInvoker.java:598)
at org.testng.internal.TestInvoker.invokeTestMethod(TestInvoker.java:173)
at org.testng.internal.MethodRunner.runInSequence(MethodRunner.java:46)
at org.testng.internal.TestInvoker$MethodInvocationAgent.invoke(TestInvoker.java:824)
at org.testng.internal.TestInvoker.invokeTestMethods(TestInvoker.java:146)
at org.testng.internal.TestMethodWorker.invokeTestMethods(TestMethodWorker.java:146)
at org.testng.internal.TestMethodWorker.run(TestMethodWorker.java:128)
at java.base/java.util.ArrayList.forEach(ArrayList.java:1511)
at org.testng.TestRunner.privateRun(TestRunner.java:794)
at org.testng.TestRunner.run(TestRunner.java:596)
at org.testng.SuiteRunner.runTest(SuiteRunner.java:377)
at org.testng.SuiteRunner.runSequentially(SuiteRunner.java:371)
at org.testng.SuiteRunner.privateRun(SuiteRunner.java:332)
at org.testng.SuiteRunner.run(SuiteRunner.java:276)
at org.testng.SuiteRunnerWorker.runSuite(SuiteRunnerWorker.java:53)
at org.testng.SuiteRunnerWorker.run(SuiteRunnerWorker.java:96)
at org.testng.TestNG.runSuitesSequentially(TestNG.java:1212)
at org.testng.TestNG.runSuitesLocally(TestNG.java:1134)
at org.testng.TestNG.runSuites(TestNG.java:1063)
at org.testng.TestNG.run(TestNG.java:1031)
at org.testng.remote.AbstractRemoteTestNG.run(AbstractRemoteTestNG.java:115)
at org.testng.remote.RemoteTestNG.initAndRun(RemoteTestNG.java:251)
at org.testng.remote.RemoteTestNG.main(RemoteTestNG.java:77)
]]>
            </full-stacktrace>
          </exception> <!-- java.lang.AssertionError -->
          <reporter-output>
          </reporter-output>
        </test-method> <!-- ValidateAddNewCandidateFunctionalityOfView -->
        <test-method is-config="true" signature="reportWrapUp(org.testng.ITestResult,java.lang.reflect.Method)[pri:0, instance:testCases.JobListTest@1139b2f3]" started-at="2024-11-15T16:52:32 IST" name="reportWrapUp" finished-at="2024-11-15T16:52:33 IST" duration-ms="751" status="PASS">
          <params>
            <param index="0">
              <value>
                <![CDATA[[TestResult name=ValidateAddNewCandidateFunctionalityOfView status=FAILURE method=JobListTest.ValidateAddNewCandidateFunctionalityOfView()[pri:8, instance:testCases.JobListTest@1139b2f3] output={null}]]]>
              </value>
            </param>
            <param index="1">
              <value>
                <![CDATA[public void testCases.JobListTest.ValidateAddNewCandidateFunctionalityOfView()]]>
              </value>
            </param>
          </params>
          <reporter-output>
          </reporter-output>
        </test-method> <!-- reportWrapUp -->
        <test-method is-config="true" signature="beforeMethod(java.lang.reflect.Method)[pri:0, instance:testCases.JobListTest@1139b2f3]" started-at="2024-11-15T16:52:33 IST" name="beforeMethod" finished-at="2024-11-15T16:52:33 IST" duration-ms="2" status="PASS">
          <params>
            <param index="0">
              <value>
                <![CDATA[public void testCases.JobListTest.ValidateDeleteFunctionalityOfJob()]]>
              </value>
            </param>
          </params>
          <reporter-output>
          </reporter-output>
        </test-method> <!-- beforeMethod -->
        <test-method signature="ValidateDeleteFunctionalityOfJob()[pri:9, instance:testCases.JobListTest@1139b2f3]" started-at="2024-11-15T16:52:33 IST" name="ValidateDeleteFunctionalityOfJob" finished-at="2024-11-15T16:53:49 IST" duration-ms="75987" status="FAIL">
          <exception class="java.lang.AssertionError">
            <message>
              <![CDATA[java.lang.IllegalArgumentException: Keys to send should be a not null CharSequence]]>
            </message>
            <full-stacktrace>
              <![CDATA[java.lang.AssertionError: java.lang.IllegalArgumentException: Keys to send should be a not null CharSequence
at org.testng.Assert.fail(Assert.java:99)
at utils.WebBasePage.enter(WebBasePage.java:81)
at pageObjects.JobListPage.enterJobTitleIntoSearchField(JobListPage.java:330)
at action.JobListAction.verifyJobDeleteFunctionality(JobListAction.java:71)
at testCases.JobListTest.ValidateDeleteFunctionalityOfJob(JobListTest.java:93)
at java.base/jdk.internal.reflect.NativeMethodAccessorImpl.invoke0(Native Method)
at java.base/jdk.internal.reflect.NativeMethodAccessorImpl.invoke(NativeMethodAccessorImpl.java:77)
at java.base/jdk.internal.reflect.DelegatingMethodAccessorImpl.invoke(DelegatingMethodAccessorImpl.java:43)
at java.base/java.lang.reflect.Method.invoke(Method.java:568)
at org.testng.internal.MethodInvocationHelper.invokeMethod(MethodInvocationHelper.java:133)
at org.testng.internal.TestInvoker.invokeMethod(TestInvoker.java:598)
at org.testng.internal.TestInvoker.invokeTestMethod(TestInvoker.java:173)
at org.testng.internal.MethodRunner.runInSequence(MethodRunner.java:46)
at org.testng.internal.TestInvoker$MethodInvocationAgent.invoke(TestInvoker.java:824)
at org.testng.internal.TestInvoker.invokeTestMethods(TestInvoker.java:146)
at org.testng.internal.TestMethodWorker.invokeTestMethods(TestMethodWorker.java:146)
at org.testng.internal.TestMethodWorker.run(TestMethodWorker.java:128)
at java.base/java.util.ArrayList.forEach(ArrayList.java:1511)
at org.testng.TestRunner.privateRun(TestRunner.java:794)
at org.testng.TestRunner.run(TestRunner.java:596)
at org.testng.SuiteRunner.runTest(SuiteRunner.java:377)
at org.testng.SuiteRunner.runSequentially(SuiteRunner.java:371)
at org.testng.SuiteRunner.privateRun(SuiteRunner.java:332)
at org.testng.SuiteRunner.run(SuiteRunner.java:276)
at org.testng.SuiteRunnerWorker.runSuite(SuiteRunnerWorker.java:53)
at org.testng.SuiteRunnerWorker.run(SuiteRunnerWorker.java:96)
at org.testng.TestNG.runSuitesSequentially(TestNG.java:1212)
at org.testng.TestNG.runSuitesLocally(TestNG.java:1134)
at org.testng.TestNG.runSuites(TestNG.java:1063)
at org.testng.TestNG.run(TestNG.java:1031)
at org.testng.remote.AbstractRemoteTestNG.run(AbstractRemoteTestNG.java:115)
at org.testng.remote.RemoteTestNG.initAndRun(RemoteTestNG.java:251)
at org.testng.remote.RemoteTestNG.main(RemoteTestNG.java:77)
]]>
            </full-stacktrace>
          </exception> <!-- java.lang.AssertionError -->
          <reporter-output>
          </reporter-output>
        </test-method> <!-- ValidateDeleteFunctionalityOfJob -->
        <test-method is-config="true" signature="reportWrapUp(org.testng.ITestResult,java.lang.reflect.Method)[pri:0, instance:testCases.JobListTest@1139b2f3]" started-at="2024-11-15T16:53:49 IST" name="reportWrapUp" finished-at="2024-11-15T16:53:50 IST" duration-ms="510" status="PASS">
          <params>
            <param index="0">
              <value>
                <![CDATA[[TestResult name=ValidateDeleteFunctionalityOfJob status=FAILURE method=JobListTest.ValidateDeleteFunctionalityOfJob()[pri:9, instance:testCases.JobListTest@1139b2f3] output={null}]]]>
              </value>
            </param>
            <param index="1">
              <value>
                <![CDATA[public void testCases.JobListTest.ValidateDeleteFunctionalityOfJob()]]>
              </value>
            </param>
          </params>
          <reporter-output>
          </reporter-output>
        </test-method> <!-- reportWrapUp -->
        <test-method is-config="true" signature="closeBrowser()[pri:0, instance:testCases.JobListTest@1139b2f3]" started-at="2024-11-15T16:53:50 IST" name="closeBrowser" finished-at="2024-11-15T16:53:51 IST" duration-ms="1671" status="PASS">
          <reporter-output>
          </reporter-output>
        </test-method> <!-- closeBrowser -->
        <test-method is-config="true" signature="close()[pri:0, instance:testCases.JobListTest@1139b2f3]" started-at="2024-11-15T16:53:52 IST" name="close" finished-at="2024-11-15T16:53:54 IST" duration-ms="1992" status="PASS">
          <reporter-output>
          </reporter-output>
        </test-method> <!-- close -->
      </class> <!-- testCases.JobListTest -->
    </test> <!-- Default test -->
  </suite> <!-- Default suite -->
</testng-results>
